<?xml version="1.0" encoding="UTF-8"?>
<!-- Generated by org.testng.reporters.JUnitReportReporter -->
<testsuite hostname="ELW5201" failures="0" tests="2" name="testngexamples.NewTest" time="0.014" errors="0" timestamp="26 Sep 2022 11:29:08 GMT" skipped="0">
  <testcase classname="testngexamples.NewTest" name="testCase2" time="0.002"/>
  <testcase classname="testngexamples.NewTest" name="testCase1" time="0.012"/>
</testsuite> <!-- testngexamples.NewTest -->
