<?xml version="1.0" encoding="UTF-8"?>
<!-- Generated by org.testng.reporters.JUnitReportReporter -->
<testsuite hostname="ELW5201" failures="0" tests="2" name="seleniumexamples.TestngProgram1" time="0.006" errors="0" timestamp="26 Sep 2022 11:27:33 GMT" skipped="0">
  <testcase classname="seleniumexamples.TestngProgram1" name="testCase1" time="0.005"/>
  <testcase classname="seleniumexamples.TestngProgram1" name="testCase2" time="0.001"/>
</testsuite> <!-- seleniumexamples.TestngProgram1 -->
