<?xml version="1.0" encoding="UTF-8"?>
<!-- Generated by org.testng.reporters.JUnitReportReporter -->
<testsuite hostname="ELW5201" failures="0" tests="4" name="testngexamples.HrmApplication" time="19.655" errors="0" timestamp="26 Sep 2022 12:35:47 GMT" skipped="0">
  <testcase classname="testngexamples.HrmApplication" name="login" time="5.769"/>
  <testcase classname="testngexamples.HrmApplication" name="adminsearch" time="6.942"/>
  <testcase classname="testngexamples.HrmApplication" name="leave" time="5.013"/>
  <testcase classname="testngexamples.HrmApplication" name="logout" time="1.931"/>
</testsuite> <!-- testngexamples.HrmApplication -->
